This file contains any messages produced by compilers while
running configure, to aid debugging if configure makes a mistake.

configure:759: checking host system type
configure:780: checking target system type
configure:798: checking build system type
configure:859: checking for mawk
configure:859: checking for gawk
configure:983: checking for perl5
configure:2139: checking for gcc
configure:2252: checking whether the C compiler (clang  ) works
configure:2268: clang -o conftest    conftest.c  1>&5
configure:2265:1: warning: type specifier missing, defaults to 'int' [-Wimplicit-int]
main(){return(0);}
^~~~
1 warning generated.
configure:2294: checking whether the C compiler (clang  ) is a cross-compiler
configure:2299: checking whether we are using GNU C
configure:2308: clang -E conftest.c
configure:2327: checking whether clang accepts -g
configure:2363: checking for c++
configure:2395: checking whether the C++ compiler (clang++  ) works
configure:2411: clang++ -o conftest    conftest.C  1>&5
configure:2437: checking whether the C++ compiler (clang++  ) is a cross-compiler
configure:2442: checking whether we are using GNU C++
configure:2451: clang++ -E conftest.C
configure:2470: checking whether clang++ accepts -g
configure:2504: checking for ranlib
configure:2536: checking for as
configure:2590: checking for ar
configure:2625: checking for ld
configure:2660: checking for strip
configure:2695: checking for windres
configure:3465: checking whether clang and cc understand -c and -o together
configure:3480: clang -c conftest.c -o conftest.o 1>&5
conftest.c:1:1: warning: type specifier missing, defaults to 'int' [-Wimplicit-int]
foo(){}
^~~
conftest.c:1:7: warning: control reaches end of non-void function [-Wreturn-type]
foo(){}
      ^
2 warnings generated.
configure:3481: clang -c conftest.c -o conftest.o 1>&5
conftest.c:1:1: warning: type specifier missing, defaults to 'int' [-Wimplicit-int]
foo(){}
^~~
conftest.c:1:7: warning: control reaches end of non-void function [-Wreturn-type]
foo(){}
      ^
2 warnings generated.
configure:3486: cc -c conftest.c 1>&5
conftest.c:1:1: warning: type specifier missing, defaults to 'int' [-Wimplicit-int]
foo(){}
^~~
conftest.c:1:7: warning: control reaches end of non-void function [-Wreturn-type]
foo(){}
      ^
2 warnings generated.
configure:3488: cc -c conftest.c -o conftest.o 1>&5
conftest.c:1:1: warning: type specifier missing, defaults to 'int' [-Wimplicit-int]
foo(){}
^~~
conftest.c:1:7: warning: control reaches end of non-void function [-Wreturn-type]
foo(){}
      ^
2 warnings generated.
configure:3489: cc -c conftest.c -o conftest.o 1>&5
conftest.c:1:1: warning: type specifier missing, defaults to 'int' [-Wimplicit-int]
foo(){}
^~~
conftest.c:1:7: warning: control reaches end of non-void function [-Wreturn-type]
foo(){}
      ^
2 warnings generated.
configure:3525: checking how to run the C preprocessor
configure:3546: clang -E  conftest.c >/dev/null 2>conftest.out
configure:3605: checking how to run the C++ preprocessor
configure:3623: clang++ -E  conftest.C >/dev/null 2>conftest.out
configure:3713: checking for sb-conf
configure:3713: checking for ve
configure:3780: checking for a BSD compatible install
configure:3833: checking whether ln -s works
configure:3856: checking for minimum required perl version >= 5.006
configure:3867: checking for full perl installation
configure:3882: checking for python2.7
configure:3942: checking for doxygen
configure:3991: checking for autoconf
configure:4040: checking for unzip
configure:4091: checking for zip
configure:4145: checking for makedepend
configure:4193: checking for xargs
configure:4267: checking for pbbuild
configure:4267: checking for xcodebuild
configure:4330: checking for sdp
configure:4566: checking for gmake
configure:4629: checking for X
configure:4696: clang -E  conftest.c >/dev/null 2>conftest.out
configure:4772: clang -o conftest    conftest.c -lXt  1>&5
configure:4768:1: warning: implicit declaration of function 'XtMalloc' is invalid in C99 [-Wimplicit-function-declaration]
XtMalloc()
^
1 warning generated.
ld: library not found for -lXt
clang: error: linker command failed with exit code 1 (use -v to see invocation)
configure: failed program was:
#line 4765 "configure"
#include "confdefs.h"

int main() {
XtMalloc()
; return 0; }
configure:5917: checking whether the compiler supports -Wno-invalid-offsetof
configure:5940: clang++ -c  -fno-strict-aliasing -Wno-invalid-offsetof  conftest.C 1>&5
configure:5967: checking whether the compiler supports -Wno-variadic-macros
configure:5990: clang++ -c  -fno-strict-aliasing -Wno-variadic-macros  conftest.C 1>&5
configure:6017: checking whether the compiler supports -Werror=return-type
configure:6040: clang++ -c  -fno-strict-aliasing -Werror=return-type  conftest.C 1>&5
configure:6076: checking whether ld has archive extraction flags
configure:6100: clang -o conftest  -fno-strict-aliasing  -Wl,--whole-archive conftest.c -Wl,--no-whole-archive 1>&5
ld: unknown option: --whole-archive
clang: error: linker command failed with exit code 1 (use -v to see invocation)
configure: failed program was:
#line 6093 "configure"
#include "confdefs.h"

int main() {

; return 0; }
configure:6100: clang -o conftest  -fno-strict-aliasing  -Wl,-z -Wl,allextract conftest.c -Wl,-z -Wl,defaultextract 1>&5
ld: unknown option: -z
clang: error: linker command failed with exit code 1 (use -v to see invocation)
configure: failed program was:
#line 6093 "configure"
#include "confdefs.h"

int main() {

; return 0; }
configure:6100: clang -o conftest  -fno-strict-aliasing  -Wl,-all conftest.c -Wl,-none 1>&5
ld: unknown option: -all
clang: error: linker command failed with exit code 1 (use -v to see invocation)
configure: failed program was:
#line 6093 "configure"
#include "confdefs.h"

int main() {

; return 0; }
configure:6133: checking that static assertion macros used in autoconf tests work
configure:6154: clang -c  -fno-strict-aliasing  conftest.c 1>&5
configure:6171: clang -c  -fno-strict-aliasing  conftest.c 1>&5
configure:6171:1: error: 'static_assert_line_6171' declared as an array with a negative size
CONFIGURE_STATIC_ASSERT(0)
^~~~~~~~~~~~~~~~~~~~~~~~~~
configure:6166:44: note: expanded from macro 'CONFIGURE_STATIC_ASSERT'
#define CONFIGURE_STATIC_ASSERT(condition) CONFIGURE_STATIC_ASSERT_IMPL(condition, __LINE__)
                                           ^~~~~~~~~~~~~~~~~~~~~~~~~~~~~~~~~~~~~~~~~~~~~~~~~
configure:6167:55: note: expanded from macro 'CONFIGURE_STATIC_ASSERT_IMPL'
#define CONFIGURE_STATIC_ASSERT_IMPL(condition, line) CONFIGURE_STATIC_ASSERT_IMPL2(condition, line)
                                                      ^~~~~~~~~~~~~~~~~~~~~~~~~~~~~~~~~~~~~~~~~~~~~~
configure:6168:94: note: expanded from macro 'CONFIGURE_STATIC_ASSERT_IMPL2'
#define CONFIGURE_STATIC_ASSERT_IMPL2(condition, line) typedef int static_assert_line_##line[(condition) ? 1 : -1]
                                                                                             ^~~~~~~~~~~~~~~~~~~~
1 error generated.
configure: failed program was:
#line 6164 "configure"
#include "confdefs.h"

#define CONFIGURE_STATIC_ASSERT(condition) CONFIGURE_STATIC_ASSERT_IMPL(condition, __LINE__)
#define CONFIGURE_STATIC_ASSERT_IMPL(condition, line) CONFIGURE_STATIC_ASSERT_IMPL2(condition, line)
#define CONFIGURE_STATIC_ASSERT_IMPL2(condition, line) typedef int static_assert_line_##line[(condition) ? 1 : -1]

int main() {
CONFIGURE_STATIC_ASSERT(0)
; return 0; }
configure:6194: clang++ -c  -fno-strict-aliasing  conftest.C 1>&5
configure:6211: clang++ -c  -fno-strict-aliasing  conftest.C 1>&5
configure:6211:1: error: 'static_assert_line_6211' declared as an array with a negative size
CONFIGURE_STATIC_ASSERT(0)
^~~~~~~~~~~~~~~~~~~~~~~~~~
configure:6206:44: note: expanded from macro 'CONFIGURE_STATIC_ASSERT'
#define CONFIGURE_STATIC_ASSERT(condition) CONFIGURE_STATIC_ASSERT_IMPL(condition, __LINE__)
                                           ^~~~~~~~~~~~~~~~~~~~~~~~~~~~~~~~~~~~~~~~~~~~~~~~~
configure:6207:55: note: expanded from macro 'CONFIGURE_STATIC_ASSERT_IMPL'
#define CONFIGURE_STATIC_ASSERT_IMPL(condition, line) CONFIGURE_STATIC_ASSERT_IMPL2(condition, line)
                                                      ^~~~~~~~~~~~~~~~~~~~~~~~~~~~~~~~~~~~~~~~~~~~~~
configure:6208:94: note: expanded from macro 'CONFIGURE_STATIC_ASSERT_IMPL2'
#define CONFIGURE_STATIC_ASSERT_IMPL2(condition, line) typedef int static_assert_line_##line[(condition) ? 1 : -1]
                                                                                             ^~~~~~~~~~~~~~~~~~~~
1 error generated.
configure: failed program was:
#line 6204 "configure"
#include "confdefs.h"

#define CONFIGURE_STATIC_ASSERT(condition) CONFIGURE_STATIC_ASSERT_IMPL(condition, __LINE__)
#define CONFIGURE_STATIC_ASSERT_IMPL(condition, line) CONFIGURE_STATIC_ASSERT_IMPL2(condition, line)
#define CONFIGURE_STATIC_ASSERT_IMPL2(condition, line) typedef int static_assert_line_##line[(condition) ? 1 : -1]

int main() {
CONFIGURE_STATIC_ASSERT(0)
; return 0; }
configure:6245: checking for 64-bit OS
configure:6254: clang -c  -fno-strict-aliasing  conftest.c 1>&5
configure:6393: checking for Python version >= 2.5 but not 3.x
configure:6671: checking for -dead_strip option to ld
configure:6682: clang -o conftest  -fno-strict-aliasing -fpascal-strings -fno-common   -framework Cocoa -lobjc -Wl,-dead_strip conftest.c  1>&5
configure:8126: checking for ANSI C header files
configure:8139: clang -E  conftest.c >/dev/null 2>conftest.out
configure:8206: clang -o conftest  -fno-strict-aliasing -fpascal-strings -fno-common   -framework Cocoa -lobjc conftest.c  1>&5
configure:8201:67: warning: implicitly declaring library function 'exit' with type 'void (int) __attribute__((noreturn))'
if (XOR (islower (i), ISLOWER (i)) || toupper (i) != TOUPPER (i)) exit(2);
                                                                  ^
configure:8201:67: note: please include the header <stdlib.h> or explicitly provide a declaration for 'exit'
1 warning generated.
configure:8230: checking for working const
configure:8284: clang -c  -fno-strict-aliasing -fpascal-strings -fno-common  conftest.c 1>&5
configure:8305: checking for mode_t
configure:8338: checking for off_t
configure:8371: checking for pid_t
configure:8404: checking for size_t
configure:8444: checking for __stdcall
configure:8458: clang++ -c  -fno-strict-aliasing -fpascal-strings -fno-common  conftest.C 1>&5
configure:8452:48: warning: calling convention '__stdcall' ignored for this target [-Wignored-attributes]
                  template <> struct foo<void (__stdcall*)()> {};
                                               ^
configure:8452:38: error: redefinition of 'foo<void (*)()>'
                  template <> struct foo<void (__stdcall*)()> {};
                                     ^~~~~~~~~~~~~~~~~~~~~~~~
configure:8451:38: note: previous definition is here
                  template <> struct foo<void (*)()> {};
                                     ^
1 warning and 1 error generated.
configure: failed program was:
#line 8449 "configure"
#include "confdefs.h"
template <typename Method> struct foo;
                  template <> struct foo<void (*)()> {};
                  template <> struct foo<void (__stdcall*)()> {};
int main() {

; return 0; }
configure:8487: checking for ssize_t
configure:8500: clang -c  -fno-strict-aliasing -fpascal-strings -fno-common  conftest.c 1>&5
configure:8522: checking for st_blksize in struct stat
configure:8535: clang -c  -fno-strict-aliasing -fpascal-strings -fno-common  conftest.c 1>&5
configure:8531:18: warning: expression result unused [-Wunused-value]
struct stat s; s.st_blksize;
               ~ ^~~~~~~~~~
1 warning generated.
configure:8556: checking for siginfo_t
configure:8569: clang -c  -fno-strict-aliasing -fpascal-strings -fno-common  conftest.c 1>&5
configure:8594: checking for stdint.h
configure:8604: clang -E  conftest.c >/dev/null 2>conftest.out
configure:8840: checking for the size of void*
configure:8858: clang -c  -fno-strict-aliasing -fpascal-strings -fno-common  conftest.c 1>&5
configure:8852:28: error: 'a' declared as an array with a negative size
                     int a[sizeof (void*) == 4 ? 1 : -1];
                           ^~~~~~~~~~~~~~~~~~~~~~~~~~~~
1 error generated.
configure: failed program was:
#line 8848 "configure"
#include "confdefs.h"

int main() {

                     int a[sizeof (void*) == 4 ? 1 : -1];
                     return 0;
                   
; return 0; }
configure:8858: clang -c  -fno-strict-aliasing -fpascal-strings -fno-common  conftest.c 1>&5
configure:8895: checking for the alignment of void*
configure:8916: clang -c  -fno-strict-aliasing -fpascal-strings -fno-common  conftest.c 1>&5
configure:8910:28: error: 'a' declared as an array with a negative size
                     int a[offsetof(struct aligner, a) == 2 ? 1 : -1];
                           ^~~~~~~~~~~~~~~~~~~~~~~~~~~~~~~~~~~~~~~~~
/usr/bin/../lib/clang/4.2/include/stddef.h:62:24: note: expanded from macro 'offsetof'
#define offsetof(t, d) __builtin_offsetof(t, d)
                       ^
1 error generated.
configure: failed program was:
#line 8903 "configure"
#include "confdefs.h"

                     #include <stddef.h>
                     struct aligner { char c; void* a; };
                   
int main() {

                     int a[offsetof(struct aligner, a) == 2 ? 1 : -1];
                     return 0;
                   
; return 0; }
configure:8916: clang -c  -fno-strict-aliasing -fpascal-strings -fno-common  conftest.c 1>&5
configure:8910:28: error: 'a' declared as an array with a negative size
                     int a[offsetof(struct aligner, a) == 4 ? 1 : -1];
                           ^~~~~~~~~~~~~~~~~~~~~~~~~~~~~~~~~~~~~~~~~
/usr/bin/../lib/clang/4.2/include/stddef.h:62:24: note: expanded from macro 'offsetof'
#define offsetof(t, d) __builtin_offsetof(t, d)
                       ^
1 error generated.
configure: failed program was:
#line 8903 "configure"
#include "confdefs.h"

                     #include <stddef.h>
                     struct aligner { char c; void* a; };
                   
int main() {

                     int a[offsetof(struct aligner, a) == 4 ? 1 : -1];
                     return 0;
                   
; return 0; }
configure:8916: clang -c  -fno-strict-aliasing -fpascal-strings -fno-common  conftest.c 1>&5
configure:8939: checking for the size of double
configure:8957: clang -c  -fno-strict-aliasing -fpascal-strings -fno-common  conftest.c 1>&5
configure:8951:28: error: 'a' declared as an array with a negative size
                     int a[sizeof (double) == 6 ? 1 : -1];
                           ^~~~~~~~~~~~~~~~~~~~~~~~~~~~~
1 error generated.
configure: failed program was:
#line 8947 "configure"
#include "confdefs.h"

int main() {

                     int a[sizeof (double) == 6 ? 1 : -1];
                     return 0;
                   
; return 0; }
configure:8957: clang -c  -fno-strict-aliasing -fpascal-strings -fno-common  conftest.c 1>&5
configure:8980: checking for int16_t
configure:8993: clang -c  -fno-strict-aliasing -fpascal-strings -fno-common  conftest.c 1>&5
configure:9015: checking for int32_t
configure:9028: clang -c  -fno-strict-aliasing -fpascal-strings -fno-common  conftest.c 1>&5
configure:9050: checking for int64_t
configure:9063: clang -c  -fno-strict-aliasing -fpascal-strings -fno-common  conftest.c 1>&5
configure:9085: checking for int64
configure:9098: clang -c  -fno-strict-aliasing -fpascal-strings -fno-common  conftest.c 1>&5
configure:9094:1: error: use of undeclared identifier 'int64'
int64 foo = 0;
^
1 error generated.
configure: failed program was:
#line 9090 "configure"
#include "confdefs.h"
#include <stdio.h>
                  #include <sys/types.h>
int main() {
int64 foo = 0;
; return 0; }
configure:9120: checking for uint
configure:9133: clang -c  -fno-strict-aliasing -fpascal-strings -fno-common  conftest.c 1>&5
configure:9155: checking for uint_t
configure:9168: clang -c  -fno-strict-aliasing -fpascal-strings -fno-common  conftest.c 1>&5
configure:9164:1: error: use of undeclared identifier 'uint_t'
uint_t foo = 0;
^
1 error generated.
configure: failed program was:
#line 9160 "configure"
#include "confdefs.h"
#include <stdio.h>
                  #include <sys/types.h>
int main() {
uint_t foo = 0;
; return 0; }
configure:9190: checking for uint16_t
configure:9203: clang -c  -fno-strict-aliasing -fpascal-strings -fno-common  conftest.c 1>&5
configure:9199:1: error: use of undeclared identifier 'uint16_t'
uint16_t foo = 0;
^
1 error generated.
configure: failed program was:
#line 9195 "configure"
#include "confdefs.h"
#include <stdio.h>
                  #include <sys/types.h>
int main() {
uint16_t foo = 0;
; return 0; }
configure:9234: checking for uname.domainname
configure:9247: clang++ -c  -fno-strict-aliasing -fpascal-strings -fno-common  conftest.C 1>&5
configure:9243:62: error: no member named 'domainname' in 'utsname'
            (void)uname(res);  if (res != 0) { domain = res->domainname; } 
                                                        ~~~  ^
1 error generated.
configure: failed program was:
#line 9239 "configure"
#include "confdefs.h"
#include <sys/utsname.h>
int main() {
 struct utsname *res; char *domain; 
            (void)uname(res);  if (res != 0) { domain = res->domainname; } 
; return 0; }
configure:9271: checking for uname.__domainname
configure:9284: clang++ -c  -fno-strict-aliasing -fpascal-strings -fno-common  conftest.C 1>&5
configure:9280:62: error: no member named '__domainname' in 'utsname'
            (void)uname(res);  if (res != 0) { domain = res->__domainname; } 
                                                        ~~~  ^
1 error generated.
configure: failed program was:
#line 9276 "configure"
#include "confdefs.h"
#include <sys/utsname.h>
int main() {
 struct utsname *res; char *domain; 
            (void)uname(res);  if (res != 0) { domain = res->__domainname; } 
; return 0; }
configure:9317: checking for visibility(hidden) attribute
configure:9342: checking for visibility(default) attribute
configure:9367: checking for visibility pragma support
configure:9392: checking For gcc visibility bug with class-level attributes (GCC bug 26905)
configure:9420: checking For x86_64 gcc visibility bug with builtins (GCC bug 20297)
configure:9474: checking for __force_align_arg_pointer__ attribute
configure:9486: clang -c  -fno-strict-aliasing -fpascal-strings -fno-common -Werror  conftest.c 1>&5
configure:9480:17: error: unknown attribute '__force_align_arg_pointer__' ignored [-Werror,-Wattributes]
__attribute__ ((__force_align_arg_pointer__)) void test() {}
                ^
1 error generated.
configure: failed program was:
#line 9479 "configure"
#include "confdefs.h"
__attribute__ ((__force_align_arg_pointer__)) void test() {}
int main() {

; return 0; }
configure:9513: checking for dirent.h that defines DIR
configure:9526: clang -c  -fno-strict-aliasing -fpascal-strings -fno-common  conftest.c 1>&5
configure:9551: checking for opendir in -ldir
configure:9570: clang -o conftest  -fno-strict-aliasing -fpascal-strings -fno-common   -framework Cocoa -lobjc conftest.c -ldir   1>&5
ld: library not found for -ldir
clang: error: linker command failed with exit code 1 (use -v to see invocation)
configure: failed program was:
#line 9559 "configure"
#include "confdefs.h"
/* Override any gcc2 internal prototype to avoid an error.  */
/* We use char because int might match the return type of a gcc2
    builtin and then its argument prototype would still apply.  */
char opendir();

int main() {
opendir()
; return 0; }
configure:9643: checking for sys/byteorder.h
configure:9653: clang -E  conftest.c >/dev/null 2>conftest.out
configure:9649:10: fatal error: 'sys/byteorder.h' file not found
#include <sys/byteorder.h>
         ^
1 error generated.
configure: failed program was:
#line 9648 "configure"
#include "confdefs.h"
#include <sys/byteorder.h>
configure:9643: checking for compat.h
configure:9653: clang -E  conftest.c >/dev/null 2>conftest.out
configure:9649:10: fatal error: 'compat.h' file not found
#include <compat.h>
         ^
1 error generated.
configure: failed program was:
#line 9648 "configure"
#include "confdefs.h"
#include <compat.h>
configure:9643: checking for getopt.h
configure:9653: clang -E  conftest.c >/dev/null 2>conftest.out
configure:9683: checking for sys/bitypes.h
configure:9693: clang -E  conftest.c >/dev/null 2>conftest.out
configure:9689:10: fatal error: 'sys/bitypes.h' file not found
#include <sys/bitypes.h>
         ^
1 error generated.
configure: failed program was:
#line 9688 "configure"
#include "confdefs.h"
#include <sys/bitypes.h>
configure:9683: checking for memory.h
configure:9693: clang -E  conftest.c >/dev/null 2>conftest.out
configure:9683: checking for unistd.h
configure:9693: clang -E  conftest.c >/dev/null 2>conftest.out
configure:9723: checking for gnu/libc-version.h
configure:9733: clang -E  conftest.c >/dev/null 2>conftest.out
configure:9729:10: fatal error: 'gnu/libc-version.h' file not found
#include <gnu/libc-version.h>
         ^
1 error generated.
configure: failed program was:
#line 9728 "configure"
#include "confdefs.h"
#include <gnu/libc-version.h>
configure:9723: checking for nl_types.h
configure:9733: clang -E  conftest.c >/dev/null 2>conftest.out
configure:9763: checking for malloc.h
configure:9773: clang -E  conftest.c >/dev/null 2>conftest.out
configure:9769:10: fatal error: 'malloc.h' file not found
#include <malloc.h>
         ^
1 error generated.
configure: failed program was:
#line 9768 "configure"
#include "confdefs.h"
#include <malloc.h>
configure:9803: checking for X11/XKBlib.h
configure:9813: clang -E  conftest.c >/dev/null 2>conftest.out
configure:9843: checking for io.h
configure:9853: clang -E  conftest.c >/dev/null 2>conftest.out
configure:9849:10: fatal error: 'io.h' file not found
#include <io.h>
         ^
1 error generated.
configure: failed program was:
#line 9848 "configure"
#include "confdefs.h"
#include <io.h>
configure:9884: checking for sys/statvfs.h
configure:9894: clang -E  conftest.c >/dev/null 2>conftest.out
configure:9884: checking for sys/statfs.h
configure:9894: clang -E  conftest.c >/dev/null 2>conftest.out
configure:9890:10: fatal error: 'sys/statfs.h' file not found
#include <sys/statfs.h>
         ^
1 error generated.
configure: failed program was:
#line 9889 "configure"
#include "confdefs.h"
#include <sys/statfs.h>
configure:9884: checking for sys/vfs.h
configure:9894: clang -E  conftest.c >/dev/null 2>conftest.out
configure:9890:10: fatal error: 'sys/vfs.h' file not found
#include <sys/vfs.h>
         ^
1 error generated.
configure: failed program was:
#line 9889 "configure"
#include "confdefs.h"
#include <sys/vfs.h>
configure:9884: checking for sys/mount.h
configure:9894: clang -E  conftest.c >/dev/null 2>conftest.out
configure:9925: checking for sys/quota.h
configure:9935: clang -E  conftest.c >/dev/null 2>conftest.out
configure:9965: checking for linux/quota.h
configure:9975: clang -E  conftest.c >/dev/null 2>conftest.out
configure:9971:10: fatal error: 'linux/quota.h' file not found
#include <linux/quota.h>
         ^
1 error generated.
configure: failed program was:
#line 9970 "configure"
#include "confdefs.h"
#include <linux/quota.h>
configure:10006: checking for mmintrin.h
configure:10016: clang -E  conftest.c >/dev/null 2>conftest.out
configure:10053: checking for new
configure:10063: clang++ -E  conftest.C >/dev/null 2>conftest.out
configure:10155: checking for sys/cdefs.h
configure:10165: clang -E  conftest.c >/dev/null 2>conftest.out
configure:10196: checking for linux/perf_event.h
configure:10206: clang -E  conftest.c >/dev/null 2>conftest.out
configure:10202:10: fatal error: 'linux/perf_event.h' file not found
#include <linux/perf_event.h>
         ^
1 error generated.
configure: failed program was:
#line 10201 "configure"
#include "confdefs.h"
#include <linux/perf_event.h>
configure:10234: checking for gethostbyname_r in -lc_r
configure:10253: clang -o conftest  -fno-strict-aliasing -fpascal-strings -fno-common   -framework Cocoa -lobjc conftest.c -lc_r   1>&5
ld: library not found for -lc_r
clang: error: linker command failed with exit code 1 (use -v to see invocation)
configure: failed program was:
#line 10242 "configure"
#include "confdefs.h"
/* Override any gcc2 internal prototype to avoid an error.  */
/* We use char because int might match the return type of a gcc2
    builtin and then its argument prototype would still apply.  */
char gethostbyname_r();

int main() {
gethostbyname_r()
; return 0; }
configure:10396: checking for dladdr
configure:10424: clang -o conftest  -fno-strict-aliasing -fpascal-strings -fno-common -D_GNU_SOURCE   -framework Cocoa -lobjc conftest.c  1>&5
configure:10559: checking for socket in -lsocket
configure:10578: clang -o conftest  -fno-strict-aliasing -fpascal-strings -fno-common   -framework Cocoa -lobjc conftest.c -lsocket   1>&5
ld: library not found for -lsocket
clang: error: linker command failed with exit code 1 (use -v to see invocation)
configure: failed program was:
#line 10567 "configure"
#include "confdefs.h"
/* Override any gcc2 internal prototype to avoid an error.  */
/* We use char because int might match the return type of a gcc2
    builtin and then its argument prototype would still apply.  */
char socket();

int main() {
socket()
; return 0; }
configure:10608: checking for ARM SIMD support in compiler
configure:10617: clang -c  -fno-strict-aliasing -fpascal-strings -fno-common  conftest.c 1>&5
configure:10613:5: error: invalid instruction mnemonic 'uqadd8'
asm("uqadd8 r1, r1, r2");
    ^
<inline asm>:1:2: note: instantiated into assembly here
        uqadd8 r1, r1, r2
        ^~~~~~
1 error generated.
configure: failed program was:
#line 10610 "configure"
#include "confdefs.h"

int main() {
asm("uqadd8 r1, r1, r2");
; return 0; }
configure:10638: checking for ARM NEON support in compiler
configure:10652: clang -c  -fno-strict-aliasing -fpascal-strings -fno-common -mfpu=neon -mfloat-abi=softfp  conftest.c 1>&5
clang: warning: argument unused during compilation: '-mfpu=neon'
clang: warning: argument unused during compilation: '-mfloat-abi=softfp'
configure:10648:5: error: invalid instruction mnemonic 'vadd.i8'
asm("vadd.i8 d0, d0, d0");
    ^
<inline asm>:1:2: note: instantiated into assembly here
        vadd.i8 d0, d0, d0
        ^~~~~~~
1 error generated.
configure: failed program was:
#line 10645 "configure"
#include "confdefs.h"

int main() {
asm("vadd.i8 d0, d0, d0");
; return 0; }
configure:10808: checking whether clang accepts -pthread
configure:10926: checking whether mmap() sees write()s
configure:10969: clang -o conftest  -fno-strict-aliasing -fpascal-strings -fno-common -pthread    -framework Cocoa -lobjc conftest.c  1>&5
configure:10994: checking whether clang needs -traditional
configure:11019:10: fatal error: 'termio.h' file not found
#include <termio.h>
         ^
1 error generated.
configure:11040: checking for 8-bit clean memcmp
configure:11058: clang -o conftest  -fno-strict-aliasing -fpascal-strings -fno-common -pthread    -framework Cocoa -lobjc conftest.c  1>&5
configure:11050:1: warning: type specifier missing, defaults to 'int' [-Wimplicit-int]
main()
^~~~
configure:11053:3: warning: implicitly declaring library function 'exit' with type 'void (int) __attribute__((noreturn))'
  exit(memcmp(&c0, &c2, 1) < 0 && memcmp(&c1, &c2, 1) < 0 ? 0 : 1);
  ^
configure:11053:3: note: please include the header <stdlib.h> or explicitly provide a declaration for 'exit'
configure:11053:8: warning: implicitly declaring library function 'memcmp' with type 'int (const void *, const void *, unsigned long)'
  exit(memcmp(&c0, &c2, 1) < 0 && memcmp(&c1, &c2, 1) < 0 ? 0 : 1);
       ^
configure:11053:8: note: please include the header <string.h> or explicitly provide a declaration for 'memcmp'
3 warnings generated.
configure:11080: checking for fchmod
configure:11108: clang -o conftest  -fno-strict-aliasing -fpascal-strings -fno-common -pthread    -framework Cocoa -lobjc conftest.c  1>&5
configure:11080: checking for flockfile
configure:11108: clang -o conftest  -fno-strict-aliasing -fpascal-strings -fno-common -pthread    -framework Cocoa -lobjc conftest.c  1>&5
configure:11080: checking for getc_unlocked
configure:11108: clang -o conftest  -fno-strict-aliasing -fpascal-strings -fno-common -pthread    -framework Cocoa -lobjc conftest.c  1>&5
configure:11080: checking for _getc_nolock
configure:11108: clang -o conftest  -fno-strict-aliasing -fpascal-strings -fno-common -pthread    -framework Cocoa -lobjc conftest.c  1>&5
Undefined symbols for architecture x86_64:
  "__getc_nolock", referenced from:
      _main in conftest-GN8F7f.o
ld: symbol(s) not found for architecture x86_64
clang: error: linker command failed with exit code 1 (use -v to see invocation)
configure: failed program was:
#line 11085 "configure"
#include "confdefs.h"
/* System header to define __stub macros and hopefully few prototypes,
    which can conflict with char _getc_nolock(); below.  */
#include <assert.h>
/* Override any gcc2 internal prototype to avoid an error.  */
/* We use char because int might match the return type of a gcc2
    builtin and then its argument prototype would still apply.  */
char _getc_nolock();

int main() {

/* The GNU C library defines this for functions which it implements
    to always fail with ENOSYS.  Some functions are actually named
    something starting with __ and the normal name is an alias.  */
#if defined (__stub__getc_nolock) || defined (__stub____getc_nolock)
choke me
#else
_getc_nolock();
#endif

; return 0; }
configure:11080: checking for getpagesize
configure:11108: clang -o conftest  -fno-strict-aliasing -fpascal-strings -fno-common -pthread    -framework Cocoa -lobjc conftest.c  1>&5
configure:11080: checking for lchown
configure:11108: clang -o conftest  -fno-strict-aliasing -fpascal-strings -fno-common -pthread    -framework Cocoa -lobjc conftest.c  1>&5
configure:11080: checking for localtime_r
configure:11108: clang -o conftest  -fno-strict-aliasing -fpascal-strings -fno-common -pthread    -framework Cocoa -lobjc conftest.c  1>&5
configure:11080: checking for lstat64
configure:11108: clang -o conftest  -fno-strict-aliasing -fpascal-strings -fno-common -pthread    -framework Cocoa -lobjc conftest.c  1>&5
configure:11080: checking for memmove
configure:11108: clang -o conftest  -fno-strict-aliasing -fpascal-strings -fno-common -pthread    -framework Cocoa -lobjc conftest.c  1>&5
configure:11092:6: warning: incompatible redeclaration of library function 'memmove'
char memmove();
     ^
configure:11092:6: note: 'memmove' is a builtin with type 'void *(void *, const void *, unsigned long)'
1 warning generated.
configure:11080: checking for random
configure:11108: clang -o conftest  -fno-strict-aliasing -fpascal-strings -fno-common -pthread    -framework Cocoa -lobjc conftest.c  1>&5
configure:11080: checking for rint
configure:11108: clang -o conftest  -fno-strict-aliasing -fpascal-strings -fno-common -pthread    -framework Cocoa -lobjc conftest.c  1>&5
configure:11092:6: warning: incompatible redeclaration of library function 'rint'
char rint();
     ^
configure:11092:6: note: 'rint' is a builtin with type 'double (double)'
1 warning generated.
configure:11080: checking for sbrk
configure:11108: clang -o conftest  -fno-strict-aliasing -fpascal-strings -fno-common -pthread    -framework Cocoa -lobjc conftest.c  1>&5
configure:11080: checking for snprintf
configure:11108: clang -o conftest  -fno-strict-aliasing -fpascal-strings -fno-common -pthread    -framework Cocoa -lobjc conftest.c  1>&5
configure:11092:6: warning: incompatible redeclaration of library function 'snprintf'
char snprintf();
     ^
configure:11092:6: note: 'snprintf' is a builtin with type 'int (char *, unsigned long, const char *, ...)'
1 warning generated.
configure:11080: checking for stat64
configure:11108: clang -o conftest  -fno-strict-aliasing -fpascal-strings -fno-common -pthread    -framework Cocoa -lobjc conftest.c  1>&5
configure:11080: checking for statvfs
configure:11108: clang -o conftest  -fno-strict-aliasing -fpascal-strings -fno-common -pthread    -framework Cocoa -lobjc conftest.c  1>&5
configure:11080: checking for statvfs64
configure:11108: clang -o conftest  -fno-strict-aliasing -fpascal-strings -fno-common -pthread    -framework Cocoa -lobjc conftest.c  1>&5
Undefined symbols for architecture x86_64:
  "_statvfs64", referenced from:
      _main in conftest-KkE0WU.o
ld: symbol(s) not found for architecture x86_64
clang: error: linker command failed with exit code 1 (use -v to see invocation)
configure: failed program was:
#line 11085 "configure"
#include "confdefs.h"
/* System header to define __stub macros and hopefully few prototypes,
    which can conflict with char statvfs64(); below.  */
#include <assert.h>
/* Override any gcc2 internal prototype to avoid an error.  */
/* We use char because int might match the return type of a gcc2
    builtin and then its argument prototype would still apply.  */
char statvfs64();

int main() {

/* The GNU C library defines this for functions which it implements
    to always fail with ENOSYS.  Some functions are actually named
    something starting with __ and the normal name is an alias.  */
#if defined (__stub_statvfs64) || defined (__stub___statvfs64)
choke me
#else
statvfs64();
#endif

; return 0; }
configure:11080: checking for strerror
configure:11108: clang -o conftest  -fno-strict-aliasing -fpascal-strings -fno-common -pthread    -framework Cocoa -lobjc conftest.c  1>&5
configure:11092:6: warning: incompatible redeclaration of library function 'strerror'
char strerror();
     ^
configure:11092:6: note: 'strerror' is a builtin with type 'char *(int)'
1 warning generated.
configure:11080: checking for strtok_r
configure:11108: clang -o conftest  -fno-strict-aliasing -fpascal-strings -fno-common -pthread    -framework Cocoa -lobjc conftest.c  1>&5
configure:11080: checking for truncate64
configure:11108: clang -o conftest  -fno-strict-aliasing -fpascal-strings -fno-common -pthread    -framework Cocoa -lobjc conftest.c  1>&5
Undefined symbols for architecture x86_64:
  "_truncate64", referenced from:
      _main in conftest-YPLHhj.o
ld: symbol(s) not found for architecture x86_64
clang: error: linker command failed with exit code 1 (use -v to see invocation)
configure: failed program was:
#line 11085 "configure"
#include "confdefs.h"
/* System header to define __stub macros and hopefully few prototypes,
    which can conflict with char truncate64(); below.  */
#include <assert.h>
/* Override any gcc2 internal prototype to avoid an error.  */
/* We use char because int might match the return type of a gcc2
    builtin and then its argument prototype would still apply.  */
char truncate64();

int main() {

/* The GNU C library defines this for functions which it implements
    to always fail with ENOSYS.  Some functions are actually named
    something starting with __ and the normal name is an alias.  */
#if defined (__stub_truncate64) || defined (__stub___truncate64)
choke me
#else
truncate64();
#endif

; return 0; }
configure:11136: checking for clock_gettime(CLOCK_MONOTONIC) and -lrt
configure:11149: clang -o conftest  -fno-strict-aliasing -fpascal-strings -fno-common -pthread    -framework Cocoa -lobjc -lrt conftest.c  1>&5
configure:11145:31: warning: implicit declaration of function 'clock_gettime' is invalid in C99 [-Wimplicit-function-declaration]
                              clock_gettime(CLOCK_MONOTONIC, &ts); 
                              ^
configure:11145:45: error: use of undeclared identifier 'CLOCK_MONOTONIC'
                              clock_gettime(CLOCK_MONOTONIC, &ts); 
                                            ^
1 warning and 1 error generated.
configure: failed program was:
#line 11141 "configure"
#include "confdefs.h"
#include <time.h>
int main() {
 struct timespec ts;
                              clock_gettime(CLOCK_MONOTONIC, &ts); 
; return 0; }
configure:11182: clang -o conftest  -fno-strict-aliasing -fpascal-strings -fno-common -pthread    -framework Cocoa -lobjc conftest.c  1>&5
configure:11176:10: fatal error: 'windows.h' file not found
#include <windows.h>
         ^
1 error generated.
configure: failed program was:
#line 11175 "configure"
#include "confdefs.h"
#include <windows.h>
int main() {
SYSTEMTIME st;FILETIME ft;SystemTimeToFileTime(&st,&ft);
; return 0; }
configure:11206: clang -o conftest  -fno-strict-aliasing -fpascal-strings -fno-common -pthread    -framework Cocoa -lobjc conftest.c  1>&5
configure:11200:10: fatal error: 'windows.h' file not found
#include <windows.h>
         ^
1 error generated.
configure: failed program was:
#line 11199 "configure"
#include "confdefs.h"
#include <windows.h>
int main() {
FILETIME ft;GetSystemTimeAsFileTime(&ft);
; return 0; }
configure:11233: checking for wcrtomb
configure:11245: clang++ -o conftest  -fno-strict-aliasing -fpascal-strings -fno-common -pthread    -framework Cocoa -lobjc conftest.C  1>&5
configure:11265: checking for mbrtowc
configure:11277: clang++ -o conftest  -fno-strict-aliasing -fpascal-strings -fno-common -pthread    -framework Cocoa -lobjc conftest.C  1>&5
configure:11306: checking for res_ninit()
configure:11323: clang -o conftest  -fno-strict-aliasing -fpascal-strings -fno-common -pthread    -framework Cocoa -lobjc conftest.c  1>&5
Undefined symbols for architecture x86_64:
  "_res_9_ninit", referenced from:
      _main in conftest-hsEGdz.o
ld: symbol(s) not found for architecture x86_64
clang: error: linker command failed with exit code 1 (use -v to see invocation)
configure: failed program was:
#line 11311 "configure"
#include "confdefs.h"

        #ifdef linux
        #define _BSD_SOURCE 1
        #endif
        #include <resolv.h>
        
int main() {
int foo = res_ninit(&_res);
; return 0; }
configure:11353: checking for gnu_get_libc_version()
configure:11369: clang++ -o conftest  -fno-strict-aliasing -fpascal-strings -fno-common -pthread    -framework Cocoa -lobjc conftest.C  1>&5
configure:11365:29: error: use of undeclared identifier 'gnu_get_libc_version'
const char *glibc_version = gnu_get_libc_version();
                            ^
1 error generated.
configure: failed program was:
#line 11358 "configure"
#include "confdefs.h"

        #ifdef HAVE_GNU_LIBC_VERSION_H
        #include <gnu/libc-version.h>
        #endif
        
int main() {
const char *glibc_version = gnu_get_libc_version();
; return 0; }
configure:11628: checking for an implementation of va_copy()
configure:11652: clang -o conftest  -fno-strict-aliasing -fpascal-strings -fno-common -pthread    -framework Cocoa -lobjc conftest.c  1>&5
configure:11646:17: warning: implicitly declaring library function 'exit' with type 'void (int) __attribute__((noreturn))'
                exit (1);
                ^
configure:11646:17: note: please include the header <stdlib.h> or explicitly provide a declaration for 'exit'
1 warning generated.
configure:11669: checking for an implementation of __va_copy()
configure:11693: clang -o conftest  -fno-strict-aliasing -fpascal-strings -fno-common -pthread    -framework Cocoa -lobjc conftest.c  1>&5
configure:11687:17: warning: implicitly declaring library function 'exit' with type 'void (int) __attribute__((noreturn))'
                exit (1);
                ^
configure:11687:17: note: please include the header <stdlib.h> or explicitly provide a declaration for 'exit'
1 warning generated.
configure:11710: checking whether va_lists can be copied by value
configure:11734: clang -o conftest  -fno-strict-aliasing -fpascal-strings -fno-common -pthread    -framework Cocoa -lobjc conftest.c  1>&5
configure:11726:19: error: array type 'va_list' (aka '__builtin_va_list') is not assignable
            args2 = args1;
            ~~~~~ ^
configure:11728:17: warning: implicitly declaring library function 'exit' with type 'void (int) __attribute__((noreturn))'
                exit (1);
                ^
configure:11728:17: note: please include the header <stdlib.h> or explicitly provide a declaration for 'exit'
1 warning and 1 error generated.
configure: failed program was:
#line 11720 "configure"
#include "confdefs.h"

        #include <stdarg.h>
        void f (int i, ...) {
            va_list args1, args2;
            va_start (args1, i);
            args2 = args1;
            if (va_arg (args2, int) != 42 || va_arg (args1, int) != 42)
                exit (1);
            va_end (args1); va_end (args2);
        }
        int main() { f (0, 42); return 0; }
configure:11883: checking for gcc 3.0 ABI
configure:11901: clang++ -c  -fno-strict-aliasing -fpascal-strings -fno-common -pthread  conftest.C 1>&5
configure:11925: checking for C++ "explicit" keyword
configure:11940: clang++ -c  -fno-strict-aliasing -fpascal-strings -fno-common -pthread  conftest.C 1>&5
configure:11961: checking for C++ "typename" keyword
configure:11985: clang++ -c  -fno-strict-aliasing -fpascal-strings -fno-common -pthread  conftest.C 1>&5
configure:12006: checking for modern C++ template specialization syntax support
configure:12021: clang++ -c  -fno-strict-aliasing -fpascal-strings -fno-common -pthread  conftest.C 1>&5
configure:12043: checking whether partial template specialization works
configure:12056: clang++ -c  -fno-strict-aliasing -fpascal-strings -fno-common -pthread  conftest.C 1>&5
configure:12077: checking whether operators must be re-defined for templates derived from templates
configure:12094: clang++ -c  -fno-strict-aliasing -fpascal-strings -fno-common -pthread  conftest.C 1>&5
configure:12116: checking whether we need to cast a derived template to pass as its base class
configure:12130: clang++ -c  -fno-strict-aliasing -fpascal-strings -fno-common -pthread  conftest.C 1>&5
configure:12151: checking whether the compiler can resolve const ambiguities for templates
configure:12177: clang++ -c  -fno-strict-aliasing -fpascal-strings -fno-common -pthread  conftest.C 1>&5
configure:12199: checking whether the C++ "using" keyword can change access
configure:12212: clang++ -c  -fno-strict-aliasing -fpascal-strings -fno-common -pthread  conftest.C 1>&5
configure:12223: clang++ -c  -fno-strict-aliasing -fpascal-strings -fno-common -pthread  conftest.C 1>&5
configure:12219:15: error: 'foo' is a private member of 'B'
B b; return b.foo();
              ^
configure:12217:63: note: declared private here
                       class B : public A { private: using A::foo; };
                                                              ^
1 error generated.
configure: failed program was:
#line 12215 "configure"
#include "confdefs.h"
class A { public: int foo() { return 1; } };
                       class B : public A { private: using A::foo; };
int main() {
B b; return b.foo();
; return 0; }
configure:12251: checking whether the C++ "using" keyword resolves ambiguity
configure:12272: clang++ -c  -fno-strict-aliasing -fpascal-strings -fno-common -pthread  conftest.C 1>&5
configure:12293: checking for "std::" namespace
configure:12305: clang++ -c  -fno-strict-aliasing -fpascal-strings -fno-common -pthread  conftest.C 1>&5
configure:12326: checking whether standard template operator!=() is ambiguous
configure:12341: clang++ -c  -fno-strict-aliasing -fpascal-strings -fno-common -pthread  conftest.C 1>&5
configure:12363: checking for C++ reinterpret_cast
configure:12376: clang++ -c  -fno-strict-aliasing -fpascal-strings -fno-common -pthread  conftest.C 1>&5
configure:12397: checking for C++ dynamic_cast to void*
configure:12424: clang++ -o conftest  -fno-strict-aliasing -fpascal-strings -fno-common -pthread    -framework Cocoa -lobjc conftest.C  1>&5
configure:12448: checking whether C++ requires implementation of unused virtual methods
configure:12460: clang++ -o conftest  -fno-strict-aliasing -fpascal-strings -fno-common -pthread    -framework Cocoa -lobjc conftest.C  1>&5
Undefined symbols for architecture x86_64:
  "vtable for X", referenced from:
      X::X() in conftest-ZLJztX.o
  NOTE: a missing vtable usually means the first non-inline virtual member function has no definition.
ld: symbol(s) not found for architecture x86_64
clang: error: linker command failed with exit code 1 (use -v to see invocation)
configure: failed program was:
#line 12453 "configure"
#include "confdefs.h"
class X {private: virtual void never_called();};
int main() {
X x;
; return 0; }
configure:12483: checking for trouble comparing to zero near std::operator!=()
configure:12499: clang++ -c  -fno-strict-aliasing -fpascal-strings -fno-common -pthread  conftest.C 1>&5
configure:12523: checking for __thread keyword for TLS variables
configure:12535: clang++ -o conftest  -fno-strict-aliasing -fpascal-strings -fno-common -pthread    -framework Cocoa -lobjc -fPIC  conftest.C  1>&5
configure:12529:1: error: thread-local storage is unsupported for the current target
__thread bool tlsIsMainThread = false;
^
1 error generated.
configure: failed program was:
#line 12528 "configure"
#include "confdefs.h"
__thread bool tlsIsMainThread = false;
int main() {
return tlsIsMainThread;
; return 0; }
configure:12572: checking for malloc.h
configure:12606: checking for malloc/malloc.h
configure:12616: clang++ -E  conftest.C >/dev/null 2>conftest.out
configure:12684: checking for strndup
configure:12715: clang++ -o conftest  -fno-strict-aliasing -fpascal-strings -fno-common -pthread    -framework Cocoa -lobjc conftest.C  1>&5
configure:12684: checking for posix_memalign
configure:12715: clang++ -o conftest  -fno-strict-aliasing -fpascal-strings -fno-common -pthread    -framework Cocoa -lobjc conftest.C  1>&5
configure:12699:6: error: functions that differ only in their return type cannot be overloaded
char posix_memalign();
     ^
/usr/include/stdlib.h:173:7: note: previous declaration is here
int      posix_memalign(void **, size_t, size_t) __OSX_AVAILABLE_STARTING(__MAC_10_6, __IPHONE_3_0);
         ^
configure:12709:1: error: no matching function for call to 'posix_memalign'
posix_memalign();
^~~~~~~~~~~~~~
/usr/include/stdlib.h:173:7: note: candidate function not viable: requires 3 arguments, but 0 were provided
int      posix_memalign(void **, size_t, size_t) __OSX_AVAILABLE_STARTING(__MAC_10_6, __IPHONE_3_0);
         ^
2 errors generated.
configure: failed program was:
#line 12689 "configure"
#include "confdefs.h"
/* System header to define __stub macros and hopefully few prototypes,
    which can conflict with char posix_memalign(); below.  */
#include <assert.h>
/* Override any gcc2 internal prototype to avoid an error.  */
#ifdef __cplusplus
extern "C"
#endif
/* We use char because int might match the return type of a gcc2
    builtin and then its argument prototype would still apply.  */
char posix_memalign();

int main() {

/* The GNU C library defines this for functions which it implements
    to always fail with ENOSYS.  Some functions are actually named
    something starting with __ and the normal name is an alias.  */
#if defined (__stub_posix_memalign) || defined (__stub___posix_memalign)
choke me
#else
posix_memalign();
#endif

; return 0; }
configure:12684: checking for memalign
configure:12715: clang++ -o conftest  -fno-strict-aliasing -fpascal-strings -fno-common -pthread    -framework Cocoa -lobjc conftest.C  1>&5
Undefined symbols for architecture x86_64:
  "_memalign", referenced from:
      _main in conftest-vXBkBF.o
ld: symbol(s) not found for architecture x86_64
clang: error: linker command failed with exit code 1 (use -v to see invocation)
configure: failed program was:
#line 12689 "configure"
#include "confdefs.h"
/* System header to define __stub macros and hopefully few prototypes,
    which can conflict with char memalign(); below.  */
#include <assert.h>
/* Override any gcc2 internal prototype to avoid an error.  */
#ifdef __cplusplus
extern "C"
#endif
/* We use char because int might match the return type of a gcc2
    builtin and then its argument prototype would still apply.  */
char memalign();

int main() {

/* The GNU C library defines this for functions which it implements
    to always fail with ENOSYS.  Some functions are actually named
    something starting with __ and the normal name is an alias.  */
#if defined (__stub_memalign) || defined (__stub___memalign)
choke me
#else
memalign();
#endif

; return 0; }
configure:12684: checking for valloc
configure:12715: clang++ -o conftest  -fno-strict-aliasing -fpascal-strings -fno-common -pthread    -framework Cocoa -lobjc conftest.C  1>&5
configure:12699:6: error: functions that differ only in their return type cannot be overloaded
char valloc();
     ^
/usr/include/stdlib.h:341:7: note: previous declaration is here
void    *valloc(size_t);
         ^
configure:12709:1: error: no matching function for call to 'valloc'
valloc();
^~~~~~
/usr/include/stdlib.h:341:7: note: candidate function not viable: requires 1 argument, but 0 were provided
void    *valloc(size_t);
         ^
2 errors generated.
configure: failed program was:
#line 12689 "configure"
#include "confdefs.h"
/* System header to define __stub macros and hopefully few prototypes,
    which can conflict with char valloc(); below.  */
#include <assert.h>
/* Override any gcc2 internal prototype to avoid an error.  */
#ifdef __cplusplus
extern "C"
#endif
/* We use char because int might match the return type of a gcc2
    builtin and then its argument prototype would still apply.  */
char valloc();

int main() {

/* The GNU C library defines this for functions which it implements
    to always fail with ENOSYS.  Some functions are actually named
    something starting with __ and the normal name is an alias.  */
#if defined (__stub_valloc) || defined (__stub___valloc)
choke me
#else
valloc();
#endif

; return 0; }
configure:12742: checking for __attribute__((always_inline))
configure:12754: clang++ -c  -fno-strict-aliasing -fpascal-strings -fno-common -pthread  conftest.C 1>&5
configure:12750:1: error: inline declaration of 'f' not allowed in block scope
inline void f(void) __attribute__((always_inline));
^~~~~~
1 error generated.
configure: failed program was:
#line 12747 "configure"
#include "confdefs.h"

int main() {
inline void f(void) __attribute__((always_inline));
; return 0; }
configure:12769: checking for __attribute__((malloc))
configure:12781: clang++ -c  -fno-strict-aliasing -fpascal-strings -fno-common -pthread  conftest.C 1>&5
configure:12796: checking for __attribute__((warn_unused_result))
configure:12808: clang++ -c  -fno-strict-aliasing -fpascal-strings -fno-common -pthread  conftest.C 1>&5
configure:12823: checking for __attribute__((noreturn))
configure:12835: clang++ -c  -fno-strict-aliasing -fpascal-strings -fno-common -pthread  conftest.C 1>&5
configure:12859: checking for LC_MESSAGES
configure:12871: clang -c  -fno-strict-aliasing -fpascal-strings -fno-common -pthread  conftest.c 1>&5
configure:12894: checking for localeconv
configure:12922: clang -o conftest  -fno-strict-aliasing -fpascal-strings -fno-common -pthread    -framework Cocoa -lobjc conftest.c  1>&5
configure:13445: checking for valid optimization flags
configure:13456: clang -c  -fno-strict-aliasing -fpascal-strings -fno-common -pthread -O3 -fomit-frame-pointer  conftest.c 1>&5
configure:14167: checking for __cxa_demangle
configure:14198: clang++ -o conftest  -fno-strict-aliasing -fpascal-strings -fno-common -pthread    -framework Cocoa -lobjc conftest.C  1>&5
configure:14246: checking for unwind.h
configure:14256: clang -E  conftest.c >/dev/null 2>conftest.out
configure:14275: checking for _Unwind_Backtrace
configure:14303: clang -o conftest  -fno-strict-aliasing -fpascal-strings -fno-common -pthread    -framework Cocoa -lobjc conftest.c  1>&5
configure:14352: checking for gcc -pipe support
dummy-hello.c:2:21: warning: missing terminating '"' character [-Winvalid-pp-token]
int main() { printf("Hello World
                    ^
dummy-hello.c:2:21: error: expected expression
dummy-hello.c:3:1: warning: missing terminating '"' character [-Winvalid-pp-token]
"); exit(0); }
^
dummy-hello.c:3:15: error: expected '}'
"); exit(0); }
              ^
dummy-hello.c:2:12: note: to match this '{'
int main() { printf("Hello World
           ^
2 warnings and 2 errors generated.
configure:14374: clang -c  -fno-strict-aliasing -fpascal-strings -fno-common -pthread -pipe  conftest.c 1>&5
configure:14419: checking whether C compiler supports -fprofile-generate
configure:14428: clang -c  -fno-strict-aliasing -fpascal-strings -fno-common -pthread -pipe -fprofile-generate -fprofile-correction  conftest.c 1>&5
clang: warning: argument unused during compilation: '-fprofile-generate'
clang: warning: argument unused during compilation: '-fprofile-correction'
configure:14526: checking for correct temporary object destruction order
configure:14554: clang++ -o conftest  -fno-strict-aliasing -fpascal-strings -fno-common -pthread -pipe    -framework Cocoa -lobjc conftest.C  1>&5
configure:14575: checking for correct overload resolution with const and templates
configure:14610: clang++ -c  -fno-strict-aliasing -fpascal-strings -fno-common -pthread -pipe  -Wall -Wpointer-arith -Woverloaded-virtual -Wsynth -Wno-ctor-dtor-privacy -Wno-non-virtual-dtor -Wcast-align -Wno-invalid-offsetof -Wno-variadic-macros -Werror=return-type  conftest.C 1>&5
configure:14605:37: warning: variable 'bar' is uninitialized when used here [-Wuninitialized]
                      return foo == bar;
                                    ^~~
configure:14604:37: note: initialize the variable 'bar' to silence this warning
                      const int* bar;
                                    ^
                                     = 0
1 warning generated.
configure:14633: checking for tm_zone tm_gmtoff in struct tm
configure:14645: clang++ -c  -fno-strict-aliasing -fpascal-strings -fno-common -pthread -pipe  conftest.C 1>&5
configure:15127: checking for posix_fallocate
configure:15137: clang -o conftest -Wall -W -Wno-unused -Wpointer-arith -Wcast-align -W -fno-strict-aliasing -fpascal-strings -fno-common -pthread -pipe    -framework Cocoa -lobjc conftest.c  1>&5
configure:15133:1: warning: implicit declaration of function 'posix_fallocate' is invalid in C99 [-Wimplicit-function-declaration]
posix_fallocate(0, 0, 0);
^
1 warning generated.
Undefined symbols for architecture x86_64:
  "_posix_fallocate", referenced from:
      _main in conftest-7gIKDf.o
ld: symbol(s) not found for architecture x86_64
clang: error: linker command failed with exit code 1 (use -v to see invocation)
configure: failed program was:
#line 15129 "configure"
#include "confdefs.h"
#define _XOPEN_SOURCE 600
  #include <fcntl.h>
int main() {
posix_fallocate(0, 0, 0);
; return 0; }
configure:15282: checking for setlocale
configure:15310: clang -o conftest -Wall -W -Wno-unused -Wpointer-arith -Wcast-align -W -fno-strict-aliasing -fpascal-strings -fno-common -pthread -pipe    -framework Cocoa -lobjc conftest.c  1>&5
configure:15337: checking for localeconv
